0 info it worked if it ends with ok
1 verbose cli [ '/Users/clintonhalpin/.nvm/versions/node/v4.0.0/bin/node',
1 verbose cli   '/Users/clintonhalpin/.nvm/versions/node/v4.0.0/bin/npm',
1 verbose cli   'run',
1 verbose cli   'start' ]
2 info using npm@2.14.2
3 info using node@v4.0.0
4 verbose stack Error: Failed to parse json
4 verbose stack Unexpected token 's' at 9:6
4 verbose stack     "start": "nodemon server.js --exec babel-node --presets es2015"
4 verbose stack      ^
4 verbose stack     at parseError (/Users/clintonhalpin/.nvm/versions/node/v4.0.0/lib/node_modules/npm/node_modules/read-package-json/read-json.js:379:11)
4 verbose stack     at parseJson (/Users/clintonhalpin/.nvm/versions/node/v4.0.0/lib/node_modules/npm/node_modules/read-package-json/read-json.js:68:23)
4 verbose stack     at /Users/clintonhalpin/.nvm/versions/node/v4.0.0/lib/node_modules/npm/node_modules/read-package-json/read-json.js:48:5
4 verbose stack     at FSReqWrap.readFileAfterClose [as oncomplete] (evalmachine.<anonymous>:380:3)
5 verbose cwd /Users/clintonhalpin/Sites/opensource/node-starter
6 error Darwin 15.0.0
7 error argv "/Users/clintonhalpin/.nvm/versions/node/v4.0.0/bin/node" "/Users/clintonhalpin/.nvm/versions/node/v4.0.0/bin/npm" "run" "start"
8 error node v4.0.0
9 error npm  v2.14.2
10 error file /Users/clintonhalpin/Sites/opensource/node-starter/package.json
11 error code EJSONPARSE
12 error Failed to parse json
12 error Unexpected token 's' at 9:6
12 error     "start": "nodemon server.js --exec babel-node --presets es2015"
12 error      ^
13 error File: /Users/clintonhalpin/Sites/opensource/node-starter/package.json
14 error Failed to parse package.json data.
14 error package.json must be actual JSON, not just JavaScript.
14 error
14 error This is not a bug in npm.
14 error Tell the package author to fix their package.json file. JSON.parse
15 verbose exit [ 1, true ]
